This file contains any messages produced by compilers while
running configure, to aid debugging if configure makes a mistake.

It was created by tophat configure 2.0.13, which was
generated by GNU Autoconf 2.59.  Invocation command line was

  $ ./configure 

## --------- ##
## Platform. ##
## --------- ##

hostname = samson
uname -m = x86_64
uname -r = 3.2.0-4-amd64
uname -s = Linux
uname -v = #1 SMP Debian 3.2.60-1+deb7u3

/usr/bin/uname -p = unknown
/bin/uname -X     = unknown

/bin/arch              = unknown
/usr/bin/arch -k       = unknown
/usr/convex/getsysinfo = unknown
hostinfo               = unknown
/bin/machine           = unknown
/usr/bin/oslevel       = unknown
/bin/universe          = unknown

PATH: /usr/local/bin
PATH: /usr/bin
PATH: /bin
PATH: /usr/local/games
PATH: /usr/games
PATH: /opt/bowtie
PATH: /opt/samtools
PATH: /opt/tophat/bin
PATH: /opt/velvet
PATH: /opt/trinity
PATH: /opt/blast/bin
PATH: /opt/fastx_toolkit
PATH: /opt/abyss/bin
PATH: /opt/utils
PATH: /opt/iprscan
PATH: /opt/augustus/bin
PATH: /opt/bedtools
PATH: /opt/cd-hit/bin
PATH: /opt/image
PATH: /opt/estate
PATH: /opt/gmap/bin
PATH: /opt/omssa
PATH: /opt/mapsembler/bin
PATH: /opt/bowtie2
PATH: /opt/amos/bin
PATH: /opt/allpaths/bin
PATH: /opt/blasr/bin
PATH: /opt/builds/ged-lab/khmer/scripts
PATH: /opt/rnammer
PATH: /opt/tRNAscan-SE/bin
PATH: /opt/exonerate/bin
PATH: /opt/prank
PATH: /opt/STAR
PATH: /opt/R/bin
PATH: /opt/snap
PATH: /opt/repeatmasker
PATH: /opt/maker/bin
PATH: /opt/hmmer/bin
PATH: /opt/geneid/bin
PATH: /opt/cegma/bin
PATH: /opt/rsem
PATH: /opt/clustal-omega/bin
PATH: /opt/kmergenie
PATH: /opt/jellyfish/bin
PATH: /opt/fqzcomp
PATH: /opt/dsrc
PATH: /opt/soapdenovo
PATH: /opt/sga/bin
PATH: /opt/flash
PATH: /opt/signalp
PATH: /opt/tmhmm/bin
PATH: /opt/dsrc2
PATH: /opt/morpheus
PATH: /opt/meme/bin
PATH: /opt/bwa
PATH: /opt/masurca/bin
PATH: /opt/sratoolkit/bin
PATH: /opt/wgs/Linux-amd64/bin
PATH: /opt/pbdagcon
PATH: /opt/lordec
PATH: /opt/dell/srvadmin/bin
PATH: /home/msamanta/bin
PATH: /home/msamanta/0-Tools/novocraft
PATH: /home/msamanta/0-Tools/bin
PATH: /home/msamanta/0-Tools/Assembly/spades/SPAdes-3.1.0-Linux/bin


## ----------- ##
## Core tests. ##
## ----------- ##

configure:1400: checking for a BSD-compatible install
configure:1455: result: /usr/bin/install -c
configure:1466: checking whether build environment is sane
configure:1509: result: yes
configure:1574: checking for gawk
configure:1603: result: no
configure:1574: checking for mawk
configure:1590: found /usr/bin/mawk
configure:1600: result: mawk
configure:1610: checking whether make sets $(MAKE)
configure:1630: result: yes
configure:1856: checking for g++
configure:1872: found /usr/bin/g++
configure:1882: result: g++
configure:1898: checking for C++ compiler version
configure:1901: g++ --version </dev/null >&5
g++ (Debian 4.7.2-5) 4.7.2
Copyright (C) 2012 Free Software Foundation, Inc.
This is free software; see the source for copying conditions.  There is NO
warranty; not even for MERCHANTABILITY or FITNESS FOR A PARTICULAR PURPOSE.

configure:1904: $? = 0
configure:1906: g++ -v </dev/null >&5
Using built-in specs.
COLLECT_GCC=g++
COLLECT_LTO_WRAPPER=/usr/lib/gcc/x86_64-linux-gnu/4.7/lto-wrapper
Target: x86_64-linux-gnu
Configured with: ../src/configure -v --with-pkgversion='Debian 4.7.2-5' --with-bugurl=file:///usr/share/doc/gcc-4.7/README.Bugs --enable-languages=c,c++,go,fortran,objc,obj-c++ --prefix=/usr --program-suffix=-4.7 --enable-shared --enable-linker-build-id --with-system-zlib --libexecdir=/usr/lib --without-included-gettext --enable-threads=posix --with-gxx-include-dir=/usr/include/c++/4.7 --libdir=/usr/lib --enable-nls --with-sysroot=/ --enable-clocale=gnu --enable-libstdcxx-debug --enable-libstdcxx-time=yes --enable-gnu-unique-object --enable-plugin --enable-objc-gc --with-arch-32=i586 --with-tune=generic --enable-checking=release --build=x86_64-linux-gnu --host=x86_64-linux-gnu --target=x86_64-linux-gnu
Thread model: posix
gcc version 4.7.2 (Debian 4.7.2-5) 
configure:1909: $? = 0
configure:1911: g++ -V </dev/null >&5
g++: error: unrecognized command line option '-V'
g++: fatal error: no input files
compilation terminated.
configure:1914: $? = 4
configure:1937: checking for C++ compiler default output file name
configure:1940: g++    conftest.cc  >&5
configure:1943: $? = 0
configure:1989: result: a.out
configure:1994: checking whether the C++ compiler works
configure:2000: ./a.out
configure:2003: $? = 0
configure:2020: result: yes
configure:2027: checking whether we are cross compiling
configure:2029: result: no
configure:2032: checking for suffix of executables
configure:2034: g++ -o conftest    conftest.cc  >&5
configure:2037: $? = 0
configure:2062: result: 
configure:2068: checking for suffix of object files
configure:2089: g++ -c   conftest.cc >&5
configure:2092: $? = 0
configure:2114: result: o
configure:2118: checking whether we are using the GNU C++ compiler
configure:2142: g++ -c   conftest.cc >&5
configure:2148: $? = 0
configure:2152: test -z 
			 || test ! -s conftest.err
configure:2155: $? = 0
configure:2158: test -s conftest.o
configure:2161: $? = 0
configure:2174: result: yes
configure:2180: checking whether g++ accepts -g
configure:2201: g++ -c -g  conftest.cc >&5
configure:2207: $? = 0
configure:2211: test -z 
			 || test ! -s conftest.err
configure:2214: $? = 0
configure:2217: test -s conftest.o
configure:2220: $? = 0
configure:2231: result: yes
configure:2273: g++ -c   conftest.cc >&5
configure:2279: $? = 0
configure:2283: test -z 
			 || test ! -s conftest.err
configure:2286: $? = 0
configure:2289: test -s conftest.o
configure:2292: $? = 0
configure:2318: g++ -c   conftest.cc >&5
conftest.cc: In function 'int main()':
conftest.cc:16:9: error: 'exit' was not declared in this scope
configure:2324: $? = 1
configure: failed program was:
| /* confdefs.h.  */
| 
| #define PACKAGE_NAME "tophat"
| #define PACKAGE_TARNAME "tophat"
| #define PACKAGE_VERSION "2.0.13"
| #define PACKAGE_STRING "tophat 2.0.13"
| #define PACKAGE_BUGREPORT "tophat.cufflinks@gmail.com"
| #define SVN_REVISION "4306M"
| #define PACKAGE "tophat"
| #define VERSION "2.0.13"
| /* end confdefs.h.  */
| 
| int
| main ()
| {
| exit (42);
|   ;
|   return 0;
| }
configure:2273: g++ -c   conftest.cc >&5
conftest.cc:12:40: error: 'void std::exit(int)' should have been declared inside 'std'
configure:2279: $? = 1
configure: failed program was:
| /* confdefs.h.  */
| 
| #define PACKAGE_NAME "tophat"
| #define PACKAGE_TARNAME "tophat"
| #define PACKAGE_VERSION "2.0.13"
| #define PACKAGE_STRING "tophat 2.0.13"
| #define PACKAGE_BUGREPORT "tophat.cufflinks@gmail.com"
| #define SVN_REVISION "4306M"
| #define PACKAGE "tophat"
| #define VERSION "2.0.13"
| /* end confdefs.h.  */
| extern "C" void std::exit (int) throw (); using std::exit;
| #include <stdlib.h>
| int
| main ()
| {
| exit (42);
|   ;
|   return 0;
| }
configure:2273: g++ -c   conftest.cc >&5
conftest.cc:12:31: error: 'void std::exit(int)' should have been declared inside 'std'
In file included from conftest.cc:13:0:
/usr/include/stdlib.h:544:70: error: declaration of 'void std::exit(int) throw ()' has a different exception specifier
conftest.cc:12:17: error: from previous declaration 'void std::exit(int)'
configure:2279: $? = 1
configure: failed program was:
| /* confdefs.h.  */
| 
| #define PACKAGE_NAME "tophat"
| #define PACKAGE_TARNAME "tophat"
| #define PACKAGE_VERSION "2.0.13"
| #define PACKAGE_STRING "tophat 2.0.13"
| #define PACKAGE_BUGREPORT "tophat.cufflinks@gmail.com"
| #define SVN_REVISION "4306M"
| #define PACKAGE "tophat"
| #define VERSION "2.0.13"
| /* end confdefs.h.  */
| extern "C" void std::exit (int); using std::exit;
| #include <stdlib.h>
| int
| main ()
| {
| exit (42);
|   ;
|   return 0;
| }
configure:2273: g++ -c   conftest.cc >&5
configure:2279: $? = 0
configure:2283: test -z 
			 || test ! -s conftest.err
configure:2286: $? = 0
configure:2289: test -s conftest.o
configure:2292: $? = 0
configure:2318: g++ -c   conftest.cc >&5
configure:2324: $? = 0
configure:2328: test -z 
			 || test ! -s conftest.err
configure:2331: $? = 0
configure:2334: test -s conftest.o
configure:2337: $? = 0
configure:2371: checking for style of include used by make
configure:2399: result: GNU
configure:2427: checking dependency style of g++
configure:2517: result: gcc3
configure:2550: checking for gawk
configure:2576: result: mawk
configure:2680: checking for C++ compiler version
configure:2683: g++ --version </dev/null >&5
g++ (Debian 4.7.2-5) 4.7.2
Copyright (C) 2012 Free Software Foundation, Inc.
This is free software; see the source for copying conditions.  There is NO
warranty; not even for MERCHANTABILITY or FITNESS FOR A PARTICULAR PURPOSE.

configure:2686: $? = 0
configure:2688: g++ -v </dev/null >&5
Using built-in specs.
COLLECT_GCC=g++
COLLECT_LTO_WRAPPER=/usr/lib/gcc/x86_64-linux-gnu/4.7/lto-wrapper
Target: x86_64-linux-gnu
Configured with: ../src/configure -v --with-pkgversion='Debian 4.7.2-5' --with-bugurl=file:///usr/share/doc/gcc-4.7/README.Bugs --enable-languages=c,c++,go,fortran,objc,obj-c++ --prefix=/usr --program-suffix=-4.7 --enable-shared --enable-linker-build-id --with-system-zlib --libexecdir=/usr/lib --without-included-gettext --enable-threads=posix --with-gxx-include-dir=/usr/include/c++/4.7 --libdir=/usr/lib --enable-nls --with-sysroot=/ --enable-clocale=gnu --enable-libstdcxx-debug --enable-libstdcxx-time=yes --enable-gnu-unique-object --enable-plugin --enable-objc-gc --with-arch-32=i586 --with-tune=generic --enable-checking=release --build=x86_64-linux-gnu --host=x86_64-linux-gnu --target=x86_64-linux-gnu
Thread model: posix
gcc version 4.7.2 (Debian 4.7.2-5) 
configure:2691: $? = 0
configure:2693: g++ -V </dev/null >&5
g++: error: unrecognized command line option '-V'
g++: fatal error: no input files
compilation terminated.
configure:2696: $? = 4
configure:2699: checking whether we are using the GNU C++ compiler
configure:2755: result: yes
configure:2761: checking whether g++ accepts -g
configure:2812: result: yes
configure:2854: g++ -c   conftest.cc >&5
configure:2860: $? = 0
configure:2864: test -z 
			 || test ! -s conftest.err
configure:2867: $? = 0
configure:2870: test -s conftest.o
configure:2873: $? = 0
configure:2899: g++ -c   conftest.cc >&5
configure:2905: $? = 0
configure:2909: test -z 
			 || test ! -s conftest.err
configure:2912: $? = 0
configure:2915: test -s conftest.o
configure:2918: $? = 0
configure:2943: checking dependency style of g++
configure:3033: result: gcc3
configure:3096: checking for gcc
configure:3112: found /usr/bin/gcc
configure:3122: result: gcc
configure:3366: checking for C compiler version
configure:3369: gcc --version </dev/null >&5
gcc (Debian 4.7.2-5) 4.7.2
Copyright (C) 2012 Free Software Foundation, Inc.
This is free software; see the source for copying conditions.  There is NO
warranty; not even for MERCHANTABILITY or FITNESS FOR A PARTICULAR PURPOSE.

configure:3372: $? = 0
configure:3374: gcc -v </dev/null >&5
Using built-in specs.
COLLECT_GCC=gcc
COLLECT_LTO_WRAPPER=/usr/lib/gcc/x86_64-linux-gnu/4.7/lto-wrapper
Target: x86_64-linux-gnu
Configured with: ../src/configure -v --with-pkgversion='Debian 4.7.2-5' --with-bugurl=file:///usr/share/doc/gcc-4.7/README.Bugs --enable-languages=c,c++,go,fortran,objc,obj-c++ --prefix=/usr --program-suffix=-4.7 --enable-shared --enable-linker-build-id --with-system-zlib --libexecdir=/usr/lib --without-included-gettext --enable-threads=posix --with-gxx-include-dir=/usr/include/c++/4.7 --libdir=/usr/lib --enable-nls --with-sysroot=/ --enable-clocale=gnu --enable-libstdcxx-debug --enable-libstdcxx-time=yes --enable-gnu-unique-object --enable-plugin --enable-objc-gc --with-arch-32=i586 --with-tune=generic --enable-checking=release --build=x86_64-linux-gnu --host=x86_64-linux-gnu --target=x86_64-linux-gnu
Thread model: posix
gcc version 4.7.2 (Debian 4.7.2-5) 
configure:3377: $? = 0
configure:3379: gcc -V </dev/null >&5
gcc: error: unrecognized command line option '-V'
gcc: fatal error: no input files
compilation terminated.
configure:3382: $? = 4
configure:3385: checking whether we are using the GNU C compiler
configure:3409: gcc -c   conftest.c >&5
configure:3415: $? = 0
configure:3419: test -z 
			 || test ! -s conftest.err
configure:3422: $? = 0
configure:3425: test -s conftest.o
configure:3428: $? = 0
configure:3441: result: yes
configure:3447: checking whether gcc accepts -g
configure:3468: gcc -c -g  conftest.c >&5
configure:3474: $? = 0
configure:3478: test -z 
			 || test ! -s conftest.err
configure:3481: $? = 0
configure:3484: test -s conftest.o
configure:3487: $? = 0
configure:3498: result: yes
configure:3515: checking for gcc option to accept ANSI C
configure:3585: gcc  -c   conftest.c >&5
configure:3591: $? = 0
configure:3595: test -z 
			 || test ! -s conftest.err
configure:3598: $? = 0
configure:3601: test -s conftest.o
configure:3604: $? = 0
configure:3622: result: none needed
configure:3640: gcc -c   conftest.c >&5
conftest.c:2:3: error: unknown type name 'choke'
conftest.c:2:3: error: expected '=', ',', ';', 'asm' or '__attribute__' at end of input
configure:3646: $? = 1
configure: failed program was:
| #ifndef __cplusplus
|   choke me
| #endif
configure:3781: checking dependency style of gcc
configure:3871: result: gcc3
configure:3888: checking whether make sets $(MAKE)
configure:3908: result: yes
configure:3958: checking for ranlib
configure:3974: found /usr/bin/ranlib
configure:3985: result: ranlib
configure:4010: checking for a BSD-compatible install
configure:4065: result: /usr/bin/install -c
configure:4108: checking for a Python interpreter with version >= 2.4
configure:4123: python -c import sys, string # split strings by '.' and convert to numeric. Append some zeros # because we need at least 4 digits for the hex conversion. minver = map(int, string.split('2.4', '.')) + [0, 0, 0] minverhex = 0 for i in xrange(0, 4): minverhex = (minverhex << 8) + minver[i] sys.exit(sys.hexversion < minverhex)
configure:4126: $? = 0
configure:4133: result: python
configure:4141: checking for python
configure:4159: found /usr/bin/python
configure:4171: result: /usr/bin/python
configure:4190: checking for python version
configure:4197: result: 2.7
configure:4209: checking for python platform
configure:4216: result: linux2
configure:4223: checking for python script directory
configure:4231: result: ${prefix}/lib/python2.7/site-packages
configure:4240: checking for python extension module directory
configure:4248: result: ${exec_prefix}/lib/python2.7/site-packages
configure:4351: checking for boostlib >= 1.38.0
configure:4410: g++ -c   -I/usr/include conftest.cc >&5
configure:4416: $? = 0
configure:4420: test -z 
			 || test ! -s conftest.err
configure:4423: $? = 0
configure:4426: test -s conftest.o
configure:4429: $? = 0
configure:4432: result: yes
configure:4608: checking whether the compiler implements namespaces
configure:4637: g++ -c   conftest.cc >&5
configure:4643: $? = 0
configure:4647: test -z 
			 || test ! -s conftest.err
configure:4650: $? = 0
configure:4653: test -s conftest.o
configure:4656: $? = 0
configure:4674: result: yes
configure:4704: checking whether the Boost::Thread library is available
configure:4725: g++ -c -pthread   -I/usr/include conftest.cc >&5
configure:4731: $? = 0
configure:4735: test -z 
			 || test ! -s conftest.err
configure:4738: $? = 0
configure:4741: test -s conftest.o
configure:4744: $? = 0
configure:4756: result: yes
configure:4779: checking for main in -lboost_thread
configure:4803: g++ -o conftest -pthread   -I/usr/include  -L/usr/lib conftest.cc -lboost_thread   >&5
configure:4809: $? = 0
configure:4813: test -z 
			 || test ! -s conftest.err
configure:4816: $? = 0
configure:4819: test -s conftest
configure:4822: $? = 0
configure:4835: result: yes
configure:4844: checking whether Boost::Thread needs Boost::System library
configure:4866: g++ -o conftest -pthread   -I/usr/include  -L/usr/lib conftest.cc  -lboost_thread >&5
configure:4872: $? = 0
configure:4876: test -z 
			 || test ! -s conftest.err
configure:4879: $? = 0
configure:4882: test -s conftest
configure:4885: $? = 0
configure:4950: result: no
configure:4992: checking how to run the C++ preprocessor
configure:5023: g++ -E  conftest.cc
configure:5029: $? = 0
configure:5061: g++ -E  conftest.cc
conftest.cc:18:28: fatal error: ac_nonexistent.h: No such file or directory
compilation terminated.
configure:5067: $? = 1
configure: failed program was:
| /* confdefs.h.  */
| 
| #define PACKAGE_NAME "tophat"
| #define PACKAGE_TARNAME "tophat"
| #define PACKAGE_VERSION "2.0.13"
| #define PACKAGE_STRING "tophat 2.0.13"
| #define PACKAGE_BUGREPORT "tophat.cufflinks@gmail.com"
| #define SVN_REVISION "4306M"
| #define PACKAGE "tophat"
| #define VERSION "2.0.13"
| #ifdef __cplusplus
| extern "C" void exit (int) throw ();
| #endif
| #define HAVE_BOOST
| #define HAVE_NAMESPACES
| #define HAVE_BOOST_THREAD
| /* end confdefs.h.  */
| #include <ac_nonexistent.h>
configure:5106: result: g++ -E
configure:5130: g++ -E  conftest.cc
configure:5136: $? = 0
configure:5168: g++ -E  conftest.cc
conftest.cc:18:28: fatal error: ac_nonexistent.h: No such file or directory
compilation terminated.
configure:5174: $? = 1
configure: failed program was:
| /* confdefs.h.  */
| 
| #define PACKAGE_NAME "tophat"
| #define PACKAGE_TARNAME "tophat"
| #define PACKAGE_VERSION "2.0.13"
| #define PACKAGE_STRING "tophat 2.0.13"
| #define PACKAGE_BUGREPORT "tophat.cufflinks@gmail.com"
| #define SVN_REVISION "4306M"
| #define PACKAGE "tophat"
| #define VERSION "2.0.13"
| #ifdef __cplusplus
| extern "C" void exit (int) throw ();
| #endif
| #define HAVE_BOOST
| #define HAVE_NAMESPACES
| #define HAVE_BOOST_THREAD
| /* end confdefs.h.  */
| #include <ac_nonexistent.h>
configure:5218: checking for egrep
configure:5228: result: grep -E
configure:5233: checking for ANSI C header files
configure:5258: g++ -c   conftest.cc >&5
configure:5264: $? = 0
configure:5268: test -z 
			 || test ! -s conftest.err
configure:5271: $? = 0
configure:5274: test -s conftest.o
configure:5277: $? = 0
configure:5366: g++ -o conftest    conftest.cc  >&5
configure:5369: $? = 0
configure:5371: ./conftest
configure:5374: $? = 0
configure:5389: result: yes
configure:5413: checking for sys/types.h
configure:5429: g++ -c   conftest.cc >&5
configure:5435: $? = 0
configure:5439: test -z 
			 || test ! -s conftest.err
configure:5442: $? = 0
configure:5445: test -s conftest.o
configure:5448: $? = 0
configure:5459: result: yes
configure:5413: checking for sys/stat.h
configure:5429: g++ -c   conftest.cc >&5
configure:5435: $? = 0
configure:5439: test -z 
			 || test ! -s conftest.err
configure:5442: $? = 0
configure:5445: test -s conftest.o
configure:5448: $? = 0
configure:5459: result: yes
configure:5413: checking for stdlib.h
configure:5429: g++ -c   conftest.cc >&5
configure:5435: $? = 0
configure:5439: test -z 
			 || test ! -s conftest.err
configure:5442: $? = 0
configure:5445: test -s conftest.o
configure:5448: $? = 0
configure:5459: result: yes
configure:5413: checking for string.h
configure:5429: g++ -c   conftest.cc >&5
configure:5435: $? = 0
configure:5439: test -z 
			 || test ! -s conftest.err
configure:5442: $? = 0
configure:5445: test -s conftest.o
configure:5448: $? = 0
configure:5459: result: yes
configure:5413: checking for memory.h
configure:5429: g++ -c   conftest.cc >&5
configure:5435: $? = 0
configure:5439: test -z 
			 || test ! -s conftest.err
configure:5442: $? = 0
configure:5445: test -s conftest.o
configure:5448: $? = 0
configure:5459: result: yes
configure:5413: checking for strings.h
configure:5429: g++ -c   conftest.cc >&5
configure:5435: $? = 0
configure:5439: test -z 
			 || test ! -s conftest.err
configure:5442: $? = 0
configure:5445: test -s conftest.o
configure:5448: $? = 0
configure:5459: result: yes
configure:5413: checking for inttypes.h
configure:5429: g++ -c   conftest.cc >&5
configure:5435: $? = 0
configure:5439: test -z 
			 || test ! -s conftest.err
configure:5442: $? = 0
configure:5445: test -s conftest.o
configure:5448: $? = 0
configure:5459: result: yes
configure:5413: checking for stdint.h
configure:5429: g++ -c   conftest.cc >&5
configure:5435: $? = 0
configure:5439: test -z 
			 || test ! -s conftest.err
configure:5442: $? = 0
configure:5445: test -s conftest.o
configure:5448: $? = 0
configure:5459: result: yes
configure:5413: checking for unistd.h
configure:5429: g++ -c   conftest.cc >&5
configure:5435: $? = 0
configure:5439: test -z 
			 || test ! -s conftest.err
configure:5442: $? = 0
configure:5445: test -s conftest.o
configure:5448: $? = 0
configure:5459: result: yes
configure:5478: checking for stdlib.h
configure:5483: result: yes
configure:5478: checking for string.h
configure:5483: result: yes
configure:5478: checking for unistd.h
configure:5483: result: yes
configure:5625: checking for ANSI C header files
configure:5781: result: yes
configure:5793: checking for stdbool.h that conforms to C99
configure:5846: g++ -c   conftest.cc >&5
configure:5852: $? = 0
configure:5856: test -z 
			 || test ! -s conftest.err
configure:5859: $? = 0
configure:5862: test -s conftest.o
configure:5865: $? = 0
configure:5876: result: yes
configure:5878: checking for _Bool
configure:5902: g++ -c   conftest.cc >&5
conftest.cc: In function 'int main()':
conftest.cc:69:6: error: '_Bool' was not declared in this scope
conftest.cc:69:13: error: expected primary-expression before ')' token
conftest.cc:69:15: error: expected ')' before numeric constant
conftest.cc:71:13: error: '_Bool' was not declared in this scope
configure:5908: $? = 1
configure: failed program was:
| /* confdefs.h.  */
| 
| #define PACKAGE_NAME "tophat"
| #define PACKAGE_TARNAME "tophat"
| #define PACKAGE_VERSION "2.0.13"
| #define PACKAGE_STRING "tophat 2.0.13"
| #define PACKAGE_BUGREPORT "tophat.cufflinks@gmail.com"
| #define SVN_REVISION "4306M"
| #define PACKAGE "tophat"
| #define VERSION "2.0.13"
| #ifdef __cplusplus
| extern "C" void exit (int) throw ();
| #endif
| #define HAVE_BOOST
| #define HAVE_NAMESPACES
| #define HAVE_BOOST_THREAD
| #define STDC_HEADERS 1
| #define HAVE_SYS_TYPES_H 1
| #define HAVE_SYS_STAT_H 1
| #define HAVE_STDLIB_H 1
| #define HAVE_STRING_H 1
| #define HAVE_MEMORY_H 1
| #define HAVE_STRINGS_H 1
| #define HAVE_INTTYPES_H 1
| #define HAVE_STDINT_H 1
| #define HAVE_UNISTD_H 1
| #define HAVE_STDLIB_H 1
| #define HAVE_STRING_H 1
| #define HAVE_UNISTD_H 1
| #define STDC_HEADERS 1
| /* end confdefs.h.  */
| #include <stdio.h>
| #if HAVE_SYS_TYPES_H
| # include <sys/types.h>
| #endif
| #if HAVE_SYS_STAT_H
| # include <sys/stat.h>
| #endif
| #if STDC_HEADERS
| # include <stdlib.h>
| # include <stddef.h>
| #else
| # if HAVE_STDLIB_H
| #  include <stdlib.h>
| # endif
| #endif
| #if HAVE_STRING_H
| # if !STDC_HEADERS && HAVE_MEMORY_H
| #  include <memory.h>
| # endif
| # include <string.h>
| #endif
| #if HAVE_STRINGS_H
| # include <strings.h>
| #endif
| #if HAVE_INTTYPES_H
| # include <inttypes.h>
| #else
| # if HAVE_STDINT_H
| #  include <stdint.h>
| # endif
| #endif
| #if HAVE_UNISTD_H
| # include <unistd.h>
| #endif
| int
| main ()
| {
| if ((_Bool *) 0)
|   return 0;
| if (sizeof (_Bool))
|   return 0;
|   ;
|   return 0;
| }
configure:5932: result: no
configure:5951: checking for inline
configure:5972: g++ -c   conftest.cc >&5
configure:5978: $? = 0
configure:5982: test -z 
			 || test ! -s conftest.err
configure:5985: $? = 0
configure:5988: test -s conftest.o
configure:5991: $? = 0
configure:6003: result: inline
configure:6022: checking for pid_t
configure:6046: g++ -c   conftest.cc >&5
configure:6052: $? = 0
configure:6056: test -z 
			 || test ! -s conftest.err
configure:6059: $? = 0
configure:6062: test -s conftest.o
configure:6065: $? = 0
configure:6076: result: yes
configure:6088: checking for size_t
configure:6112: g++ -c   conftest.cc >&5
configure:6118: $? = 0
configure:6122: test -z 
			 || test ! -s conftest.err
configure:6125: $? = 0
configure:6128: test -s conftest.o
configure:6131: $? = 0
configure:6142: result: yes
configure:6154: checking for ptrdiff_t
configure:6178: g++ -c   conftest.cc >&5
configure:6184: $? = 0
configure:6188: test -z 
			 || test ! -s conftest.err
configure:6191: $? = 0
configure:6194: test -s conftest.o
configure:6197: $? = 0
configure:6208: result: yes
configure:6219: checking for an ANSI C-conforming const
configure:6286: g++ -c   conftest.cc >&5
configure:6292: $? = 0
configure:6296: test -z 
			 || test ! -s conftest.err
configure:6299: $? = 0
configure:6302: test -s conftest.o
configure:6305: $? = 0
configure:6316: result: yes
configure:6333: checking for special C compiler options needed for large files
configure:6432: result: no
configure:6438: checking for _FILE_OFFSET_BITS value needed for large files
configure:6469: g++ -c   conftest.cc >&5
configure:6475: $? = 0
configure:6479: test -z 
			 || test ! -s conftest.err
configure:6482: $? = 0
configure:6485: test -s conftest.o
configure:6488: $? = 0
configure:6553: result: no
configure:6563: checking for _LARGE_FILES value needed for large files
configure:6594: g++ -c   conftest.cc >&5
configure:6600: $? = 0
configure:6604: test -z 
			 || test ! -s conftest.err
configure:6607: $? = 0
configure:6610: test -s conftest.o
configure:6613: $? = 0
configure:6678: result: no
configure:6693: checking for gzread in -lz
configure:6723: g++ -o conftest    conftest.cc -lz   >&5
configure:6729: $? = 0
configure:6733: test -z 
			 || test ! -s conftest.err
configure:6736: $? = 0
configure:6739: test -s conftest
configure:6742: $? = 0
configure:6755: result: yes
configure:6773: checking for stdlib.h
configure:6778: result: yes
configure:6918: checking for GNU libc compatible malloc
configure:6947: g++ -o conftest    conftest.cc -lz  >&5
configure:6950: $? = 0
configure:6952: ./conftest
configure:6955: $? = 0
configure:6969: result: yes
configure:7007: checking for memset
configure:7064: g++ -o conftest    conftest.cc -lz  >&5
configure:7070: $? = 0
configure:7074: test -z 
			 || test ! -s conftest.err
configure:7077: $? = 0
configure:7080: test -s conftest
configure:7083: $? = 0
configure:7095: result: yes
configure:7007: checking for strdup
configure:7064: g++ -o conftest    conftest.cc -lz  >&5
configure:7070: $? = 0
configure:7074: test -z 
			 || test ! -s conftest.err
configure:7077: $? = 0
configure:7080: test -s conftest
configure:7083: $? = 0
configure:7095: result: yes
configure:7007: checking for strrchr
configure:7064: g++ -o conftest    conftest.cc -lz  >&5
configure:7070: $? = 0
configure:7074: test -z 
			 || test ! -s conftest.err
configure:7077: $? = 0
configure:7080: test -s conftest
configure:7083: $? = 0
configure:7095: result: yes
configure:7007: checking for strtol
configure:7064: g++ -o conftest    conftest.cc -lz  >&5
configure:7070: $? = 0
configure:7074: test -z 
			 || test ! -s conftest.err
configure:7077: $? = 0
configure:7080: test -s conftest
configure:7083: $? = 0
configure:7095: result: yes
configure:7007: checking for strsep
configure:7064: g++ -o conftest    conftest.cc -lz  >&5
configure:7070: $? = 0
configure:7074: test -z 
			 || test ! -s conftest.err
configure:7077: $? = 0
configure:7080: test -s conftest
configure:7083: $? = 0
configure:7095: result: yes
configure:7113: checking build system type
configure:7131: result: x86_64-unknown-linux-gnu
configure:7139: checking host system type
configure:7153: result: x86_64-unknown-linux-gnu
configure:7356: checking how to create a pax tar archive
configure:7369: tar --version
tar (GNU tar) 1.26
Copyright (C) 2011 Free Software Foundation, Inc.
License GPLv3+: GNU GPL version 3 or later <http://gnu.org/licenses/gpl.html>.
This is free software: you are free to change and redistribute it.
There is NO WARRANTY, to the extent permitted by law.

Written by John Gilmore and Jay Fenlason.
configure:7372: $? = 0
configure:7412: tardir=conftest.dir && eval tar --format=posix -chf - "$tardir" >conftest.tar
configure:7415: $? = 0
configure:7419: tar -xf - <conftest.tar
configure:7422: $? = 0
configure:7435: result: gnutar
configure:7443: checking dependency style of gcc
configure:7533: result: gcc3
configure:7552: checking dependency style of g++
configure:7642: result: gcc3
configure:7803: creating ./config.status

## ---------------------- ##
## Running config.status. ##
## ---------------------- ##

This file was extended by tophat config.status 2.0.13, which was
generated by GNU Autoconf 2.59.  Invocation command line was

  CONFIG_FILES    = 
  CONFIG_HEADERS  = 
  CONFIG_LINKS    = 
  CONFIG_COMMANDS = 
  $ ./config.status 

on samson

config.status:721: creating Makefile
config.status:721: creating src/Makefile
config.status:825: creating config.h
config.status:971: config.h is unchanged
config.status:1151: executing depfiles commands

## ---------------- ##
## Cache variables. ##
## ---------------- ##

ac_cv_build=x86_64-unknown-linux-gnu
ac_cv_build_alias=x86_64-unknown-linux-gnu
ac_cv_c_compiler_gnu=yes
ac_cv_c_const=yes
ac_cv_c_inline=inline
ac_cv_cxx_compiler_gnu=yes
ac_cv_cxx_namespaces=yes
ac_cv_env_CC_set=
ac_cv_env_CC_value=
ac_cv_env_CFLAGS_set=
ac_cv_env_CFLAGS_value=
ac_cv_env_CPPFLAGS_set=
ac_cv_env_CPPFLAGS_value=
ac_cv_env_CXXCPP_set=
ac_cv_env_CXXCPP_value=
ac_cv_env_CXXFLAGS_set=
ac_cv_env_CXXFLAGS_value=
ac_cv_env_CXX_set=
ac_cv_env_CXX_value=
ac_cv_env_LDFLAGS_set=
ac_cv_env_LDFLAGS_value=
ac_cv_env_PYTHON_set=
ac_cv_env_PYTHON_value=
ac_cv_env_build_alias_set=
ac_cv_env_build_alias_value=
ac_cv_env_host_alias_set=
ac_cv_env_host_alias_value=
ac_cv_env_target_alias_set=
ac_cv_env_target_alias_value=
ac_cv_exeext=
ac_cv_func_malloc_0_nonnull=yes
ac_cv_func_memset=yes
ac_cv_func_strdup=yes
ac_cv_func_strrchr=yes
ac_cv_func_strsep=yes
ac_cv_func_strtol=yes
ac_cv_header_inttypes_h=yes
ac_cv_header_memory_h=yes
ac_cv_header_stdbool_h=yes
ac_cv_header_stdc=yes
ac_cv_header_stdint_h=yes
ac_cv_header_stdlib_h=yes
ac_cv_header_string_h=yes
ac_cv_header_strings_h=yes
ac_cv_header_sys_stat_h=yes
ac_cv_header_sys_types_h=yes
ac_cv_header_unistd_h=yes
ac_cv_host=x86_64-unknown-linux-gnu
ac_cv_host_alias=x86_64-unknown-linux-gnu
ac_cv_lib_boost_thread___main=yes
ac_cv_lib_z_gzread=yes
ac_cv_objext=o
ac_cv_path_PYTHON=/usr/bin/python
ac_cv_path_install='/usr/bin/install -c'
ac_cv_prog_AWK=mawk
ac_cv_prog_CXXCPP='g++ -E'
ac_cv_prog_ac_ct_CC=gcc
ac_cv_prog_ac_ct_CXX=g++
ac_cv_prog_ac_ct_RANLIB=ranlib
ac_cv_prog_cc_g=yes
ac_cv_prog_cc_stdc=
ac_cv_prog_cxx_g=yes
ac_cv_prog_egrep='grep -E'
ac_cv_prog_make_make_set=yes
ac_cv_sys_file_offset_bits=no
ac_cv_sys_large_files=no
ac_cv_sys_largefile_CC=no
ac_cv_type__Bool=no
ac_cv_type_pid_t=yes
ac_cv_type_ptrdiff_t=yes
ac_cv_type_size_t=yes
am_cv_CC_dependencies_compiler_type=gcc3
am_cv_CXX_dependencies_compiler_type=gcc3
am_cv_pathless_PYTHON=python
am_cv_prog_tar_pax=gnutar
am_cv_python_platform=linux2
am_cv_python_pyexecdir='${exec_prefix}/lib/python2.7/site-packages'
am_cv_python_pythondir='${prefix}/lib/python2.7/site-packages'
am_cv_python_version=2.7
ax_cv_boost_thread=yes
ax_cv_boost_thread_system=no

## ----------------- ##
## Output variables. ##
## ----------------- ##

ACLOCAL='${SHELL} /home/msamanta/Toolboxes/Pandoras-Toolbox/src/tophat/missing --run aclocal-1.9'
AMDEPBACKSLASH='\'
AMDEP_FALSE='#'
AMDEP_TRUE=''
AMTAR='${SHELL} /home/msamanta/Toolboxes/Pandoras-Toolbox/src/tophat/missing --run tar'
AUTOCONF='${SHELL} /home/msamanta/Toolboxes/Pandoras-Toolbox/src/tophat/missing --run autoconf'
AUTOHEADER='${SHELL} /home/msamanta/Toolboxes/Pandoras-Toolbox/src/tophat/missing --run autoheader'
AUTOMAKE='${SHELL} /home/msamanta/Toolboxes/Pandoras-Toolbox/src/tophat/missing --run automake-1.9'
AWK='mawk'
BAM_CPPFLAGS='-I./samtools-0.1.18'
BAM_LDFLAGS='-L./samtools-0.1.18'
BAM_LIB='-lbam'
BOOST_CPPFLAGS='-pthread -I/usr/include'
BOOST_LDFLAGS='-L/usr/lib'
BOOST_THREAD_LIBS='-lboost_thread'
CC='gcc'
CCDEPMODE='depmode=gcc3'
CFLAGS='-Wall -Wno-strict-aliasing -g -gdwarf-2 -Wuninitialized  -O3  -DNDEBUG'
CPPFLAGS=''
CXX='g++'
CXXCPP='g++ -E'
CXXDEPMODE='depmode=gcc3'
CXXFLAGS='-Wall -Wno-strict-aliasing -g -gdwarf-2 -Wuninitialized  -O3  -DNDEBUG -pthread -I/usr/include -I./samtools-0.1.18 -I./SeqAn-1.3'
CYGPATH_W='echo'
DEFS='-DHAVE_CONFIG_H'
DEPDIR='.deps'
ECHO_C=''
ECHO_N='-n'
ECHO_T=''
EGREP='grep -E'
EXEEXT=''
INSTALL_DATA='${INSTALL} -m 644'
INSTALL_PROGRAM='${INSTALL}'
INSTALL_SCRIPT='${INSTALL}'
INSTALL_STRIP_PROGRAM='${SHELL} $(install_sh) -c -s'
LDFLAGS='-L/usr/lib -L./samtools-0.1.18 '
LIBOBJS=''
LIBS='-lz '
LTLIBOBJS=''
MAKEINFO='${SHELL} /home/msamanta/Toolboxes/Pandoras-Toolbox/src/tophat/missing --run makeinfo'
OBJEXT='o'
PACKAGE='tophat'
PACKAGE_BUGREPORT='tophat.cufflinks@gmail.com'
PACKAGE_NAME='tophat'
PACKAGE_STRING='tophat 2.0.13'
PACKAGE_TARNAME='tophat'
PACKAGE_VERSION='2.0.13'
PATH_SEPARATOR=':'
PYTHON='/usr/bin/python'
PYTHON_EXEC_PREFIX='${exec_prefix}'
PYTHON_PLATFORM='linux2'
PYTHON_PREFIX='${prefix}'
PYTHON_VERSION='2.7'
RANLIB='ranlib'
SET_MAKE=''
SHELL='/bin/bash'
STRIP=''
VERSION='2.0.13'
ac_ct_CC='gcc'
ac_ct_CXX='g++'
ac_ct_RANLIB='ranlib'
ac_ct_STRIP=''
am__fastdepCC_FALSE='#'
am__fastdepCC_TRUE=''
am__fastdepCXX_FALSE='#'
am__fastdepCXX_TRUE=''
am__include='include'
am__leading_dot='.'
am__quote=''
am__tar='tar --format=posix -chf - "$$tardir"'
am__untar='tar -xf -'
bindir='${exec_prefix}/bin'
build='x86_64-unknown-linux-gnu'
build_alias=''
build_cpu='x86_64'
build_os='linux-gnu'
build_vendor='unknown'
datadir='${prefix}/share'
exec_prefix='${prefix}'
host='x86_64-unknown-linux-gnu'
host_alias=''
host_cpu='x86_64'
host_os='linux-gnu'
host_vendor='unknown'
includedir='${prefix}/include'
infodir='${prefix}/info'
install_sh='/home/msamanta/Toolboxes/Pandoras-Toolbox/src/tophat/install-sh'
libdir='${exec_prefix}/lib'
libexecdir='${exec_prefix}/libexec'
localstatedir='${prefix}/var'
mandir='${prefix}/man'
mkdir_p='mkdir -p --'
oldincludedir='/usr/include'
pkgpyexecdir='${pyexecdir}/tophat'
pkgpythondir='${pythondir}/tophat'
prefix='/usr/local'
program_transform_name='s,x,x,'
pyexecdir='${exec_prefix}/lib/python2.7/site-packages'
pythondir='${prefix}/lib/python2.7/site-packages'
sbindir='${exec_prefix}/sbin'
sharedstatedir='${prefix}/com'
sysconfdir='${prefix}/etc'
target_alias=''

## ----------- ##
## confdefs.h. ##
## ----------- ##

#define HAVE_BOOST
#define HAVE_BOOST_THREAD
#define HAVE_INTTYPES_H 1
#define HAVE_LIBZ 1
#define HAVE_MALLOC 1
#define HAVE_MEMORY_H 1
#define HAVE_MEMSET 1
#define HAVE_NAMESPACES
#define HAVE_PTRDIFF_T 1
#define HAVE_STDBOOL_H 1
#define HAVE_STDINT_H 1
#define HAVE_STDLIB_H 1
#define HAVE_STDLIB_H 1
#define HAVE_STDLIB_H 1
#define HAVE_STRDUP 1
#define HAVE_STRINGS_H 1
#define HAVE_STRING_H 1
#define HAVE_STRING_H 1
#define HAVE_STRRCHR 1
#define HAVE_STRSEP 1
#define HAVE_STRTOL 1
#define HAVE_SYS_STAT_H 1
#define HAVE_SYS_TYPES_H 1
#define HAVE_UNISTD_H 1
#define HAVE_UNISTD_H 1
#define PACKAGE "tophat"
#define PACKAGE "tophat"
#define PACKAGE_BUGREPORT "tophat.cufflinks@gmail.com"
#define PACKAGE_NAME "tophat"
#define PACKAGE_STRING "tophat 2.0.13"
#define PACKAGE_TARNAME "tophat"
#define PACKAGE_VERSION "2.0.13"
#define STDC_HEADERS 1
#define STDC_HEADERS 1
#define SVN_REVISION "4306M"
#define VERSION "2.0.13"
#define VERSION "2.0.13"
#endif
#ifdef __cplusplus
extern "C" void exit (int) throw ();

configure: exit 0
