This file contains any messages produced by compilers while
running configure, to aid debugging if configure makes a mistake.

It was created by cufflinks configure 2.2.1, which was
generated by GNU Autoconf 2.69.  Invocation command line was

  $ ./configure 

## --------- ##
## Platform. ##
## --------- ##

hostname = samson
uname -m = x86_64
uname -r = 3.2.0-4-amd64
uname -s = Linux
uname -v = #1 SMP Debian 3.2.60-1+deb7u3

/usr/bin/uname -p = unknown
/bin/uname -X     = unknown

/bin/arch              = unknown
/usr/bin/arch -k       = unknown
/usr/convex/getsysinfo = unknown
/usr/bin/hostinfo      = unknown
/bin/machine           = unknown
/usr/bin/oslevel       = unknown
/bin/universe          = unknown

PATH: /usr/local/bin
PATH: /usr/bin
PATH: /bin
PATH: /usr/local/games
PATH: /usr/games
PATH: /opt/bowtie
PATH: /opt/samtools
PATH: /opt/tophat/bin
PATH: /opt/velvet
PATH: /opt/trinity
PATH: /opt/blast/bin
PATH: /opt/fastx_toolkit
PATH: /opt/abyss/bin
PATH: /opt/utils
PATH: /opt/iprscan
PATH: /opt/augustus/bin
PATH: /opt/bedtools
PATH: /opt/cd-hit/bin
PATH: /opt/image
PATH: /opt/estate
PATH: /opt/gmap/bin
PATH: /opt/omssa
PATH: /opt/mapsembler/bin
PATH: /opt/bowtie2
PATH: /opt/amos/bin
PATH: /opt/allpaths/bin
PATH: /opt/blasr/bin
PATH: /opt/builds/ged-lab/khmer/scripts
PATH: /opt/rnammer
PATH: /opt/tRNAscan-SE/bin
PATH: /opt/exonerate/bin
PATH: /opt/prank
PATH: /opt/STAR
PATH: /opt/R/bin
PATH: /opt/snap
PATH: /opt/repeatmasker
PATH: /opt/maker/bin
PATH: /opt/hmmer/bin
PATH: /opt/geneid/bin
PATH: /opt/cegma/bin
PATH: /opt/rsem
PATH: /opt/clustal-omega/bin
PATH: /opt/kmergenie
PATH: /opt/jellyfish/bin
PATH: /opt/fqzcomp
PATH: /opt/dsrc
PATH: /opt/soapdenovo
PATH: /opt/sga/bin
PATH: /opt/flash
PATH: /opt/signalp
PATH: /opt/tmhmm/bin
PATH: /opt/dsrc2
PATH: /opt/morpheus
PATH: /opt/meme/bin
PATH: /opt/bwa
PATH: /opt/masurca/bin
PATH: /opt/sratoolkit/bin
PATH: /opt/wgs/Linux-amd64/bin
PATH: /opt/pbdagcon
PATH: /opt/lordec
PATH: /opt/dell/srvadmin/bin
PATH: /home/msamanta/bin
PATH: /home/msamanta/0-Tools/novocraft
PATH: /home/msamanta/0-Tools/bin
PATH: /home/msamanta/0-Tools/Assembly/spades/SPAdes-3.1.0-Linux/bin


## ----------- ##
## Core tests. ##
## ----------- ##

configure:2420: checking for a BSD-compatible install
configure:2488: result: /usr/bin/install -c
configure:2499: checking whether build environment is sane
configure:2549: result: yes
configure:2690: checking for a thread-safe mkdir -p
configure:2729: result: /bin/mkdir -p
configure:2742: checking for gawk
configure:2772: result: no
configure:2742: checking for mawk
configure:2758: found /usr/bin/mawk
configure:2769: result: mawk
configure:2780: checking whether make sets $(MAKE)
configure:2802: result: yes
configure:2903: checking for gawk
configure:2930: result: mawk
configure:2999: checking for g++
configure:3015: found /usr/bin/g++
configure:3026: result: g++
configure:3053: checking for C++ compiler version
configure:3062: g++ --version >&5
g++ (Debian 4.7.2-5) 4.7.2
Copyright (C) 2012 Free Software Foundation, Inc.
This is free software; see the source for copying conditions.  There is NO
warranty; not even for MERCHANTABILITY or FITNESS FOR A PARTICULAR PURPOSE.

configure:3073: $? = 0
configure:3062: g++ -v >&5
Using built-in specs.
COLLECT_GCC=g++
COLLECT_LTO_WRAPPER=/usr/lib/gcc/x86_64-linux-gnu/4.7/lto-wrapper
Target: x86_64-linux-gnu
Configured with: ../src/configure -v --with-pkgversion='Debian 4.7.2-5' --with-bugurl=file:///usr/share/doc/gcc-4.7/README.Bugs --enable-languages=c,c++,go,fortran,objc,obj-c++ --prefix=/usr --program-suffix=-4.7 --enable-shared --enable-linker-build-id --with-system-zlib --libexecdir=/usr/lib --without-included-gettext --enable-threads=posix --with-gxx-include-dir=/usr/include/c++/4.7 --libdir=/usr/lib --enable-nls --with-sysroot=/ --enable-clocale=gnu --enable-libstdcxx-debug --enable-libstdcxx-time=yes --enable-gnu-unique-object --enable-plugin --enable-objc-gc --with-arch-32=i586 --with-tune=generic --enable-checking=release --build=x86_64-linux-gnu --host=x86_64-linux-gnu --target=x86_64-linux-gnu
Thread model: posix
gcc version 4.7.2 (Debian 4.7.2-5) 
configure:3073: $? = 0
configure:3062: g++ -V >&5
g++: error: unrecognized command line option '-V'
g++: fatal error: no input files
compilation terminated.
configure:3073: $? = 4
configure:3062: g++ -qversion >&5
g++: error: unrecognized command line option '-qversion'
g++: fatal error: no input files
compilation terminated.
configure:3073: $? = 4
configure:3093: checking whether the C++ compiler works
configure:3115: g++    conftest.cpp  >&5
configure:3119: $? = 0
configure:3167: result: yes
configure:3170: checking for C++ compiler default output file name
configure:3172: result: a.out
configure:3178: checking for suffix of executables
configure:3185: g++ -o conftest    conftest.cpp  >&5
configure:3189: $? = 0
configure:3211: result: 
configure:3233: checking whether we are cross compiling
configure:3241: g++ -o conftest    conftest.cpp  >&5
configure:3245: $? = 0
configure:3252: ./conftest
configure:3256: $? = 0
configure:3271: result: no
configure:3276: checking for suffix of object files
configure:3298: g++ -c   conftest.cpp >&5
configure:3302: $? = 0
configure:3323: result: o
configure:3327: checking whether we are using the GNU C++ compiler
configure:3346: g++ -c   conftest.cpp >&5
configure:3346: $? = 0
configure:3355: result: yes
configure:3364: checking whether g++ accepts -g
configure:3384: g++ -c -g  conftest.cpp >&5
configure:3384: $? = 0
configure:3425: result: yes
configure:3459: checking for style of include used by make
configure:3487: result: GNU
configure:3513: checking dependency style of g++
configure:3624: result: gcc3
configure:3687: checking for gcc
configure:3703: found /usr/bin/gcc
configure:3714: result: gcc
configure:3943: checking for C compiler version
configure:3952: gcc --version >&5
gcc (Debian 4.7.2-5) 4.7.2
Copyright (C) 2012 Free Software Foundation, Inc.
This is free software; see the source for copying conditions.  There is NO
warranty; not even for MERCHANTABILITY or FITNESS FOR A PARTICULAR PURPOSE.

configure:3963: $? = 0
configure:3952: gcc -v >&5
Using built-in specs.
COLLECT_GCC=gcc
COLLECT_LTO_WRAPPER=/usr/lib/gcc/x86_64-linux-gnu/4.7/lto-wrapper
Target: x86_64-linux-gnu
Configured with: ../src/configure -v --with-pkgversion='Debian 4.7.2-5' --with-bugurl=file:///usr/share/doc/gcc-4.7/README.Bugs --enable-languages=c,c++,go,fortran,objc,obj-c++ --prefix=/usr --program-suffix=-4.7 --enable-shared --enable-linker-build-id --with-system-zlib --libexecdir=/usr/lib --without-included-gettext --enable-threads=posix --with-gxx-include-dir=/usr/include/c++/4.7 --libdir=/usr/lib --enable-nls --with-sysroot=/ --enable-clocale=gnu --enable-libstdcxx-debug --enable-libstdcxx-time=yes --enable-gnu-unique-object --enable-plugin --enable-objc-gc --with-arch-32=i586 --with-tune=generic --enable-checking=release --build=x86_64-linux-gnu --host=x86_64-linux-gnu --target=x86_64-linux-gnu
Thread model: posix
gcc version 4.7.2 (Debian 4.7.2-5) 
configure:3963: $? = 0
configure:3952: gcc -V >&5
gcc: error: unrecognized command line option '-V'
gcc: fatal error: no input files
compilation terminated.
configure:3963: $? = 4
configure:3952: gcc -qversion >&5
gcc: error: unrecognized command line option '-qversion'
gcc: fatal error: no input files
compilation terminated.
configure:3963: $? = 4
configure:3967: checking whether we are using the GNU C compiler
configure:3986: gcc -c   conftest.c >&5
configure:3986: $? = 0
configure:3995: result: yes
configure:4004: checking whether gcc accepts -g
configure:4024: gcc -c -g  conftest.c >&5
configure:4024: $? = 0
configure:4065: result: yes
configure:4082: checking for gcc option to accept ISO C89
configure:4145: gcc  -c   conftest.c >&5
configure:4145: $? = 0
configure:4158: result: none needed
configure:4180: checking dependency style of gcc
configure:4291: result: gcc3
configure:4306: checking whether make sets $(MAKE)
configure:4328: result: yes
configure:4380: checking for ranlib
configure:4396: found /usr/bin/ranlib
configure:4407: result: ranlib
configure:4480: checking for ar
configure:4496: found /usr/bin/ar
configure:4507: result: ar
configure:4533: checking the archiver (ar) interface
configure:4543: gcc -c   conftest.c >&5
configure:4543: $? = 0
configure:4545: ar cru libconftest.a conftest.o >&5
configure:4548: $? = 0
configure:4571: result: ar
configure:4624: checking for a Python interpreter with version >= 2.4
configure:4641: python -c import sys # split strings by '.' and convert to numeric. Append some zeros # because we need at least 4 digits for the hex conversion. # map returns an iterator in Python 3.0 and a list in 2.x minver = list(map(int, '2.4'.split('.'))) + [0, 0, 0] minverhex = 0 # xrange is not present in Python 3.0 and range returns an iterator for i in list(range(0, 4)): minverhex = (minverhex << 8) + minver[i] sys.exit(sys.hexversion < minverhex)
configure:4644: $? = 0
configure:4650: result: python
configure:4658: checking for python
configure:4676: found /usr/bin/python
configure:4688: result: /usr/bin/python
configure:4706: checking for python version
configure:4713: result: 2.7
configure:4725: checking for python platform
configure:4732: result: linux2
configure:4739: checking for python script directory
configure:4767: result: ${prefix}/lib/python2.7/dist-packages
configure:4776: checking for python extension module directory
configure:4804: result: ${exec_prefix}/lib/python2.7/dist-packages
configure:4866: checking for boostlib >= 1.47.0
configure:4920: g++ -c   -I/usr/include conftest.cpp >&5
configure:4920: $? = 0
configure:4922: result: yes
configure:5104: checking for bamlib
configure:5153: g++ -c    conftest.cpp >&5
conftest.cpp:14:22: fatal error: bam/bam.h: No such file or directory
compilation terminated.
configure:5153: $? = 1
configure: failed program was:
| /* confdefs.h */
| #define PACKAGE_NAME "cufflinks"
| #define PACKAGE_TARNAME "cufflinks"
| #define PACKAGE_VERSION "2.2.1"
| #define PACKAGE_STRING "cufflinks 2.2.1"
| #define PACKAGE_BUGREPORT "cole@cs.umd.edu"
| #define PACKAGE_URL ""
| #define SVN_REVISION ""
| #define PACKAGE "cufflinks"
| #define VERSION "2.2.1"
| #define HAVE_BOOST /**/
| /* end confdefs.h.  */
| 
| 	#include <bam/bam.h>
| 
| int
| main ()
| {
| 
| 
|   ;
|   return 0;
| }
configure:5245: g++ -c    -I/include/bam-0 conftest.cpp >&5
conftest.cpp:14:29: fatal error: bam/version.hpp: No such file or directory
compilation terminated.
configure:5245: $? = 1
configure: failed program was:
| /* confdefs.h */
| #define PACKAGE_NAME "cufflinks"
| #define PACKAGE_TARNAME "cufflinks"
| #define PACKAGE_VERSION "2.2.1"
| #define PACKAGE_STRING "cufflinks 2.2.1"
| #define PACKAGE_BUGREPORT "cole@cs.umd.edu"
| #define PACKAGE_URL ""
| #define SVN_REVISION ""
| #define PACKAGE "cufflinks"
| #define VERSION "2.2.1"
| #define HAVE_BOOST /**/
| /* end confdefs.h.  */
| 
| 		#include <bam/version.hpp>
| 
| int
| main ()
| {
| 
| 
|   ;
|   return 0;
| }
configure:5264: error: We could not detect the bam libraries (version  or higher). If you have a staged bam library (still not installed) please specify $BAM_ROOT in your environment and do not give a PATH to --with-bam option.  If you are sure you have bam installed, then check your version number looking in <bam/version.hpp>. See http://randspringer.de/bam for more documentation.

## ---------------- ##
## Cache variables. ##
## ---------------- ##

ac_cv_c_compiler_gnu=yes
ac_cv_cxx_compiler_gnu=yes
ac_cv_env_CCC_set=
ac_cv_env_CCC_value=
ac_cv_env_CC_set=
ac_cv_env_CC_value=
ac_cv_env_CFLAGS_set=
ac_cv_env_CFLAGS_value=
ac_cv_env_CPPFLAGS_set=
ac_cv_env_CPPFLAGS_value=
ac_cv_env_CPP_set=
ac_cv_env_CPP_value=
ac_cv_env_CXXFLAGS_set=
ac_cv_env_CXXFLAGS_value=
ac_cv_env_CXX_set=
ac_cv_env_CXX_value=
ac_cv_env_LDFLAGS_set=
ac_cv_env_LDFLAGS_value=
ac_cv_env_LIBS_set=
ac_cv_env_LIBS_value=
ac_cv_env_PYTHON_set=
ac_cv_env_PYTHON_value=
ac_cv_env_build_alias_set=
ac_cv_env_build_alias_value=
ac_cv_env_host_alias_set=
ac_cv_env_host_alias_value=
ac_cv_env_target_alias_set=
ac_cv_env_target_alias_value=
ac_cv_objext=o
ac_cv_path_PYTHON=/usr/bin/python
ac_cv_path_install='/usr/bin/install -c'
ac_cv_path_mkdir=/bin/mkdir
ac_cv_prog_AWK=mawk
ac_cv_prog_ac_ct_AR=ar
ac_cv_prog_ac_ct_CC=gcc
ac_cv_prog_ac_ct_CXX=g++
ac_cv_prog_ac_ct_RANLIB=ranlib
ac_cv_prog_cc_c89=
ac_cv_prog_cc_g=yes
ac_cv_prog_cxx_g=yes
ac_cv_prog_make_make_set=yes
am_cv_CC_dependencies_compiler_type=gcc3
am_cv_CXX_dependencies_compiler_type=gcc3
am_cv_ar_interface=ar
am_cv_pathless_PYTHON=python
am_cv_python_platform=linux2
am_cv_python_pyexecdir='${exec_prefix}/lib/python2.7/dist-packages'
am_cv_python_pythondir='${prefix}/lib/python2.7/dist-packages'
am_cv_python_version=2.7

## ----------------- ##
## Output variables. ##
## ----------------- ##

ACLOCAL='${SHELL} /home/msamanta/Toolboxes/Pandoras-Toolbox/src/cufflinks/build-aux/missing --run aclocal-1.11'
AMDEPBACKSLASH='\'
AMDEP_FALSE='#'
AMDEP_TRUE=''
AMTAR='$${TAR-tar}'
AR='ar'
AUTOCONF='${SHELL} /home/msamanta/Toolboxes/Pandoras-Toolbox/src/cufflinks/build-aux/missing --run autoconf'
AUTOHEADER='${SHELL} /home/msamanta/Toolboxes/Pandoras-Toolbox/src/cufflinks/build-aux/missing --run autoheader'
AUTOMAKE='${SHELL} /home/msamanta/Toolboxes/Pandoras-Toolbox/src/cufflinks/build-aux/missing --run automake-1.11'
AWK='mawk'
BAM_CPPFLAGS='-I/include/bam-0'
BAM_LDFLAGS='-L/lib'
BAM_LIB=''
BOOST_CPPFLAGS='-I/usr/include'
BOOST_LDFLAGS='-L/usr/lib'
BOOST_SERIALIZATION_LIB=''
BOOST_SYSTEM_LIB=''
BOOST_THREAD_LIB=''
CC='gcc'
CCDEPMODE='depmode=gcc3'
CFLAGS=''
CPP=''
CPPFLAGS='  -I/include/bam-0'
CXX='g++'
CXXDEPMODE='depmode=gcc3'
CXXFLAGS=''
CYGPATH_W='echo'
DEFS=''
DEPDIR='.deps'
ECHO_C=''
ECHO_N='-n'
ECHO_T=''
EGREP=''
EIGEN_CPPFLAGS=''
EXEEXT=''
GREP=''
INSTALL_DATA='${INSTALL} -m 644'
INSTALL_PROGRAM='${INSTALL}'
INSTALL_SCRIPT='${INSTALL}'
INSTALL_STRIP_PROGRAM='$(install_sh) -c -s'
LDFLAGS='  -L/lib'
LIBOBJS=''
LIBS=''
LTLIBOBJS=''
MAKEINFO='${SHELL} /home/msamanta/Toolboxes/Pandoras-Toolbox/src/cufflinks/build-aux/missing --run makeinfo'
MKDIR_P='/bin/mkdir -p'
OBJEXT='o'
PACKAGE='cufflinks'
PACKAGE_BUGREPORT='cole@cs.umd.edu'
PACKAGE_NAME='cufflinks'
PACKAGE_STRING='cufflinks 2.2.1'
PACKAGE_TARNAME='cufflinks'
PACKAGE_URL=''
PACKAGE_VERSION='2.2.1'
PATH_SEPARATOR=':'
PYTHON='/usr/bin/python'
PYTHON_EXEC_PREFIX='${exec_prefix}'
PYTHON_PLATFORM='linux2'
PYTHON_PREFIX='${prefix}'
PYTHON_VERSION='2.7'
RANLIB='ranlib'
SET_MAKE=''
SHELL='/bin/bash'
STRIP=''
VERSION='2.2.1'
ZLIB=''
ac_ct_AR='ar'
ac_ct_CC='gcc'
ac_ct_CXX='g++'
am__EXEEXT_FALSE=''
am__EXEEXT_TRUE=''
am__fastdepCC_FALSE='#'
am__fastdepCC_TRUE=''
am__fastdepCXX_FALSE='#'
am__fastdepCXX_TRUE=''
am__include='include'
am__isrc=''
am__leading_dot='.'
am__nodep='_no'
am__quote=''
am__tar='$${TAR-tar} chof - "$$tardir"'
am__untar='$${TAR-tar} xf -'
bindir='${exec_prefix}/bin'
build=''
build_alias=''
build_cpu=''
build_os=''
build_vendor=''
datadir='${datarootdir}'
datarootdir='${prefix}/share'
docdir='${datarootdir}/doc/${PACKAGE_TARNAME}'
dvidir='${docdir}'
exec_prefix='NONE'
host=''
host_alias=''
host_cpu=''
host_os=''
host_vendor=''
htmldir='${docdir}'
includedir='${prefix}/include'
infodir='${datarootdir}/info'
install_sh='${SHELL} /home/msamanta/Toolboxes/Pandoras-Toolbox/src/cufflinks/build-aux/install-sh'
libdir='${exec_prefix}/lib'
libexecdir='${exec_prefix}/libexec'
localedir='${datarootdir}/locale'
localstatedir='${prefix}/var'
mandir='${datarootdir}/man'
mkdir_p='/bin/mkdir -p'
oldincludedir='/usr/include'
pdfdir='${docdir}'
pkgpyexecdir='${pyexecdir}/cufflinks'
pkgpythondir='${pythondir}/cufflinks'
prefix='NONE'
program_transform_name='s,x,x,'
psdir='${docdir}'
pyexecdir='${exec_prefix}/lib/python2.7/dist-packages'
pythondir='${prefix}/lib/python2.7/dist-packages'
sbindir='${exec_prefix}/sbin'
sharedstatedir='${prefix}/com'
sysconfdir='${prefix}/etc'
target_alias=''

## ----------- ##
## confdefs.h. ##
## ----------- ##

/* confdefs.h */
#define PACKAGE_NAME "cufflinks"
#define PACKAGE_TARNAME "cufflinks"
#define PACKAGE_VERSION "2.2.1"
#define PACKAGE_STRING "cufflinks 2.2.1"
#define PACKAGE_BUGREPORT "cole@cs.umd.edu"
#define PACKAGE_URL ""
#define SVN_REVISION ""
#define PACKAGE "cufflinks"
#define VERSION "2.2.1"
#define HAVE_BOOST /**/

configure: exit 1
